<?xml version="1.0" encoding="UTF-8"?>
<!-- Generated by org.testng.reporters.JUnitReportReporter -->
<testsuite hostname="DESKTOP-L8VPHJS" failures="0" tests="2" name="runners.TaggedRunner" time="0.128" errors="0" timestamp="2023-01-30T11:54:21 IST" skipped="0">
  <testcase classname="runners.TaggedRunner" name="runScenario" time="0.022"/>
  <system-out/>
  <testcase classname="runners.TaggedRunner" name="runScenario" time="0.106"/>
  <system-out/>
</testsuite> <!-- runners.TaggedRunner -->
