<?xml version="1.0" encoding="UTF-8"?>
<!-- Generated by org.testng.reporters.JUnitReportReporter -->
<testsuite hostname="DESKTOP-L8VPHJS" failures="0" tests="1" name="runners.RerunRunner" time="5.843" errors="0" timestamp="2023-01-27T10:10:45 IST" skipped="0">
  <testcase classname="runners.RerunRunner" name="runScenario" time="5.843"/>
  <system-out/>
</testsuite> <!-- runners.RerunRunner -->
