<?xml version="1.0" encoding="UTF-8"?>
<!-- Generated by org.testng.reporters.JUnitReportReporter -->
<testsuite hostname="DESKTOP-L8VPHJS" failures="0" tests="1" name="runners.UserLoginRunner" time="5.889" errors="0" timestamp="2023-01-27T12:33:57 IST" skipped="0">
  <testcase classname="runners.UserLoginRunner" name="runScenario" time="5.889"/>
  <system-out/>
</testsuite> <!-- runners.UserLoginRunner -->
